SET
 set_config 
------------
 1
(1 row)

BEGIN
DO
CREATE TABLE
CREATE TABLE
GRANT
GRANT
 count 
-------
     3
(1 row)

INSERT 0 1
INSERT 0 4
INSERT 0 1
INSERT 0 4
INSERT 0 1
INSERT 0 4
SET
  set_config   
---------------
 authenticated
(1 row)

DO
 total | passed | failed 
-------+--------+--------
    60 |     60 |      0
(1 row)

 scenario_id | actor | operation | object | expected | actual | pass | notes 
-------------+-------+-----------+--------+----------+--------+------+-------
(0 rows)

ROLLBACK
